<?xml version="1.0" encoding="UTF-8"?>
<!-- Generated by org.testng.reporters.JUnitReportReporter -->
<testsuite hostname="CPU1906" name="tests.GetData" tests="2" failures="0" timestamp="2 Apr 2019 04:57:42 GMT" time="0.009" errors="0">
  <testcase name="test1" time="0.002" classname="tests.GetData"/>
  <testcase name="test1" time="0.007" classname="tests.GetData"/>
</testsuite> <!-- tests.GetData -->
