<?xml version="1.0" encoding="UTF-8"?>
<!-- Generated by org.testng.reporters.JUnitReportReporter -->
<testsuite hostname="CPU1906" name="tests.GetData" tests="2" failures="0" timestamp="2 Apr 2019 11:38:29 GMT" time="0.004" errors="0">
  <testcase name="test1" time="0.003" classname="tests.GetData"/>
  <testcase name="test1" time="0.001" classname="tests.GetData"/>
</testsuite> <!-- tests.GetData -->
